2020-11-24 00:01:51,748 INFO PERFORMANCE:|2|2|-1|-1

2020-11-24 00:06:52,048 INFO PERFORMANCE:|2|2|-1|-1

2020-11-24 00:11:52,050 INFO PERFORMANCE:|2|2|-1|-1

2020-11-24 00:16:52,050 INFO PERFORMANCE:|2|2|-1|-1

2020-11-24 00:21:52,051 INFO PERFORMANCE:|2|2|-1|-1

2020-11-24 00:26:52,054 INFO PERFORMANCE:|2|2|-1|-1

2020-11-24 00:31:52,057 INFO PERFORMANCE:|2|2|-1|-1

2020-11-24 00:36:52,060 INFO PERFORMANCE:|2|2|-1|-1

2020-11-24 00:41:52,064 INFO PERFORMANCE:|2|2|-1|-1

2020-11-24 00:46:52,065 INFO PERFORMANCE:|2|2|-1|-1

2020-11-24 00:51:52,065 INFO PERFORMANCE:|2|2|-1|-1

2020-11-24 00:56:52,069 INFO PERFORMANCE:|2|2|-1|-1

2020-11-24 01:01:52,070 INFO PERFORMANCE:|2|2|-1|-1

2020-11-24 01:06:52,072 INFO PERFORMANCE:|2|2|-1|-1

2020-11-24 01:11:52,073 INFO PERFORMANCE:|2|2|-1|-1

2020-11-24 01:16:52,075 INFO PERFORMANCE:|2|2|-1|-1

2020-11-24 01:21:52,078 INFO PERFORMANCE:|2|2|-1|-1

2020-11-24 01:26:52,082 INFO PERFORMANCE:|2|2|-1|-1

2020-11-24 01:31:52,085 INFO PERFORMANCE:|2|2|-1|-1

2020-11-24 01:36:52,085 INFO PERFORMANCE:|2|2|-1|-1

2020-11-24 01:41:52,086 INFO PERFORMANCE:|2|2|-1|-1

2020-11-24 01:46:52,089 INFO PERFORMANCE:|2|2|-1|-1

2020-11-24 01:51:52,091 INFO PERFORMANCE:|2|2|-1|-1

2020-11-24 01:56:52,091 INFO PERFORMANCE:|2|2|-1|-1

2020-11-24 02:01:52,094 INFO PERFORMANCE:|2|2|-1|-1

2020-11-24 02:06:52,095 INFO PERFORMANCE:|2|2|-1|-1

2020-11-24 02:11:52,096 INFO PERFORMANCE:|2|2|-1|-1

2020-11-24 02:16:52,100 INFO PERFORMANCE:|2|2|-1|-1

2020-11-24 02:21:52,102 INFO PERFORMANCE:|2|2|-1|-1

2020-11-24 02:26:52,102 INFO PERFORMANCE:|2|2|-1|-1

2020-11-24 02:31:52,103 INFO PERFORMANCE:|2|2|-1|-1

2020-11-24 02:36:52,104 INFO PERFORMANCE:|2|2|-1|-1

2020-11-24 02:41:52,107 INFO PERFORMANCE:|2|2|-1|-1

2020-11-24 02:46:52,111 INFO PERFORMANCE:|2|2|-1|-1

2020-11-24 02:51:52,112 INFO PERFORMANCE:|2|2|-1|-1

2020-11-24 02:56:52,112 INFO PERFORMANCE:|2|2|-1|-1

2020-11-24 03:01:52,115 INFO PERFORMANCE:|2|2|-1|-1

2020-11-24 03:06:52,116 INFO PERFORMANCE:|2|2|-1|-1

2020-11-24 03:11:52,118 INFO PERFORMANCE:|2|2|-1|-1

2020-11-24 03:16:52,122 INFO PERFORMANCE:|2|2|-1|-1

2020-11-24 03:21:52,125 INFO PERFORMANCE:|2|2|-1|-1

2020-11-24 03:26:52,125 INFO PERFORMANCE:|2|2|-1|-1

2020-11-24 03:31:52,128 INFO PERFORMANCE:|2|2|-1|-1

2020-11-24 03:36:52,131 INFO PERFORMANCE:|2|2|-1|-1

2020-11-24 03:41:52,132 INFO PERFORMANCE:|2|2|-1|-1

2020-11-24 03:46:52,136 INFO PERFORMANCE:|2|2|-1|-1

2020-11-24 03:51:52,136 INFO PERFORMANCE:|2|2|-1|-1

2020-11-24 03:56:52,137 INFO PERFORMANCE:|2|2|-1|-1

2020-11-24 04:01:52,141 INFO PERFORMANCE:|2|2|-1|-1

2020-11-24 04:06:52,142 INFO PERFORMANCE:|2|2|-1|-1

2020-11-24 04:11:52,145 INFO PERFORMANCE:|2|2|-1|-1

2020-11-24 04:16:52,147 INFO PERFORMANCE:|2|2|-1|-1

2020-11-24 04:21:52,149 INFO PERFORMANCE:|2|2|-1|-1

2020-11-24 04:26:52,150 INFO PERFORMANCE:|2|2|-1|-1

2020-11-24 04:31:52,151 INFO PERFORMANCE:|2|2|-1|-1

2020-11-24 04:36:52,155 INFO PERFORMANCE:|2|2|-1|-1

2020-11-24 04:41:52,155 INFO PERFORMANCE:|2|2|-1|-1

2020-11-24 04:46:52,157 INFO PERFORMANCE:|2|2|-1|-1

2020-11-24 04:51:52,159 INFO PERFORMANCE:|2|2|-1|-1

2020-11-24 04:56:52,163 INFO PERFORMANCE:|2|2|-1|-1

2020-11-24 05:01:52,167 INFO PERFORMANCE:|2|2|-1|-1

2020-11-24 05:06:52,169 INFO PERFORMANCE:|2|2|-1|-1

2020-11-24 05:11:52,170 INFO PERFORMANCE:|2|2|-1|-1

2020-11-24 05:16:52,172 INFO PERFORMANCE:|2|2|-1|-1

2020-11-24 05:21:52,175 INFO PERFORMANCE:|2|2|-1|-1

2020-11-24 05:26:52,177 INFO PERFORMANCE:|2|2|-1|-1

2020-11-24 05:31:52,179 INFO PERFORMANCE:|2|2|-1|-1

2020-11-24 05:36:52,181 INFO PERFORMANCE:|2|2|-1|-1

2020-11-24 05:41:52,182 INFO PERFORMANCE:|2|2|-1|-1

2020-11-24 05:46:52,184 INFO PERFORMANCE:|2|2|-1|-1

2020-11-24 05:51:52,185 INFO PERFORMANCE:|2|2|-1|-1

2020-11-24 05:56:52,186 INFO PERFORMANCE:|2|2|-1|-1

2020-11-24 06:01:52,184 INFO PERFORMANCE:|2|2|-1|-1

2020-11-24 06:06:52,182 INFO PERFORMANCE:|2|2|-1|-1

2020-11-24 06:11:52,180 INFO PERFORMANCE:|2|2|-1|-1

2020-11-24 06:16:52,180 INFO PERFORMANCE:|2|2|-1|-1

2020-11-24 06:21:52,180 INFO PERFORMANCE:|2|2|-1|-1

2020-11-24 06:26:52,181 INFO PERFORMANCE:|2|2|-1|-1

2020-11-24 06:31:52,181 INFO PERFORMANCE:|2|2|-1|-1

2020-11-24 06:36:52,182 INFO PERFORMANCE:|2|2|-1|-1

2020-11-24 06:41:52,181 INFO PERFORMANCE:|2|2|-1|-1

2020-11-24 06:46:52,181 INFO PERFORMANCE:|2|2|-1|-1

2020-11-24 06:51:52,179 INFO PERFORMANCE:|2|2|-1|-1

2020-11-24 06:56:52,177 INFO PERFORMANCE:|2|2|-1|-1

2020-11-24 07:01:52,178 INFO PERFORMANCE:|2|2|-1|-1

2020-11-24 07:06:52,179 INFO PERFORMANCE:|2|2|-1|-1

2020-11-24 07:11:52,179 INFO PERFORMANCE:|2|2|-1|-1

2020-11-24 07:16:52,191 INFO PERFORMANCE:|2|2|-1|-1

2020-11-24 07:21:52,191 INFO PERFORMANCE:|2|2|-1|-1

2020-11-24 07:26:52,194 INFO PERFORMANCE:|2|2|-1|-1

2020-11-24 07:31:52,197 INFO PERFORMANCE:|2|2|-1|-1

2020-11-24 07:36:52,197 INFO PERFORMANCE:|2|2|-1|-1

2020-11-24 07:41:52,197 INFO PERFORMANCE:|2|2|-1|-1

2020-11-24 07:46:52,198 INFO PERFORMANCE:|2|2|-1|-1

2020-11-24 07:51:52,199 INFO PERFORMANCE:|2|2|-1|-1

2020-11-24 07:56:52,200 INFO PERFORMANCE:|2|2|-1|-1

2020-11-24 08:01:52,203 INFO PERFORMANCE:|2|2|-1|-1

2020-11-24 08:06:52,204 INFO PERFORMANCE:|2|2|-1|-1

2020-11-24 08:11:52,205 INFO PERFORMANCE:|2|2|-1|-1

2020-11-24 08:16:52,207 INFO PERFORMANCE:|2|2|-1|-1

2020-11-24 08:21:52,208 INFO PERFORMANCE:|2|2|-1|-1

2020-11-24 08:26:52,212 INFO PERFORMANCE:|2|2|-1|-1

2020-11-24 08:31:52,215 INFO PERFORMANCE:|2|2|-1|-1

2020-11-24 08:36:52,216 INFO PERFORMANCE:|2|2|-1|-1

2020-11-24 08:41:52,219 INFO PERFORMANCE:|2|2|-1|-1

2020-11-24 08:46:52,222 INFO PERFORMANCE:|2|2|-1|-1

2020-11-24 08:51:52,223 INFO PERFORMANCE:|2|2|-1|-1

2020-11-24 08:56:52,225 INFO PERFORMANCE:|2|2|-1|-1

2020-11-24 09:01:52,228 INFO PERFORMANCE:|2|2|-1|-1

2020-11-24 09:06:52,230 INFO PERFORMANCE:|2|2|-1|-1

2020-11-24 09:11:52,231 INFO PERFORMANCE:|2|2|-1|-1

2020-11-24 09:16:52,233 INFO PERFORMANCE:|2|2|-1|-1

2020-11-24 09:21:52,236 INFO PERFORMANCE:|2|2|-1|-1

2020-11-24 09:26:52,236 INFO PERFORMANCE:|2|2|-1|-1

2020-11-24 09:31:52,237 INFO PERFORMANCE:|2|2|-1|-1

2020-11-24 09:36:52,239 INFO PERFORMANCE:|2|2|-1|-1

2020-11-24 09:41:52,240 INFO PERFORMANCE:|2|2|-1|-1

2020-11-24 09:46:52,242 INFO PERFORMANCE:|2|2|-1|-1

2020-11-24 09:51:52,245 INFO PERFORMANCE:|2|2|-1|-1

2020-11-24 09:56:52,247 INFO PERFORMANCE:|2|2|-1|-1

2020-11-24 10:01:52,251 INFO PERFORMANCE:|2|2|-1|-1

2020-11-24 10:06:52,251 INFO PERFORMANCE:|2|2|-1|-1

2020-11-24 10:11:52,256 INFO PERFORMANCE:|2|2|-1|-1

2020-11-24 10:16:52,256 INFO PERFORMANCE:|2|2|-1|-1

2020-11-24 10:21:52,258 INFO PERFORMANCE:|2|2|-1|-1

2020-11-24 10:26:52,260 INFO PERFORMANCE:|2|2|-1|-1

2020-11-24 10:31:52,261 INFO PERFORMANCE:|2|2|-1|-1

2020-11-24 10:36:52,264 INFO PERFORMANCE:|2|2|-1|-1

2020-11-24 10:41:52,265 INFO PERFORMANCE:|2|2|-1|-1

2020-11-24 10:46:52,266 INFO PERFORMANCE:|2|2|-1|-1

2020-11-24 10:51:52,269 INFO PERFORMANCE:|2|2|-1|-1

2020-11-24 10:56:52,271 INFO PERFORMANCE:|2|2|-1|-1

2020-11-24 11:01:52,275 INFO PERFORMANCE:|2|2|-1|-1

2020-11-24 11:06:52,279 INFO PERFORMANCE:|2|2|-1|-1

2020-11-24 11:11:52,282 INFO PERFORMANCE:|2|2|-1|-1

2020-11-24 11:16:52,286 INFO PERFORMANCE:|2|2|-1|-1

2020-11-24 11:21:52,287 INFO PERFORMANCE:|2|2|-1|-1

2020-11-24 11:26:52,289 INFO PERFORMANCE:|2|2|-1|-1

2020-11-24 11:31:52,290 INFO PERFORMANCE:|2|2|-1|-1

2020-11-24 11:36:52,292 INFO PERFORMANCE:|2|2|-1|-1

2020-11-24 11:41:52,294 INFO PERFORMANCE:|2|2|-1|-1

2020-11-24 11:46:52,296 INFO PERFORMANCE:|2|2|-1|-1

2020-11-24 11:51:52,298 INFO PERFORMANCE:|2|2|-1|-1

2020-11-24 11:56:52,302 INFO PERFORMANCE:|2|2|-1|-1

2020-11-24 12:01:52,306 INFO PERFORMANCE:|2|2|-1|-1

2020-11-24 12:06:52,306 INFO PERFORMANCE:|2|2|-1|-1

2020-11-24 12:11:52,307 INFO PERFORMANCE:|2|2|-1|-1

2020-11-24 12:16:52,308 INFO PERFORMANCE:|2|2|-1|-1

2020-11-24 12:21:52,308 INFO PERFORMANCE:|2|2|-1|-1

2020-11-24 12:26:52,311 INFO PERFORMANCE:|2|2|-1|-1

2020-11-24 12:31:52,312 INFO PERFORMANCE:|2|2|-1|-1

2020-11-24 12:36:52,315 INFO PERFORMANCE:|2|2|-1|-1

2020-11-24 12:41:52,316 INFO PERFORMANCE:|2|2|-1|-1

2020-11-24 12:46:52,316 INFO PERFORMANCE:|2|2|-1|-1

2020-11-24 12:51:52,317 INFO PERFORMANCE:|2|2|-1|-1

2020-11-24 12:56:52,319 INFO PERFORMANCE:|2|2|-1|-1

2020-11-24 13:01:52,322 INFO PERFORMANCE:|2|2|-1|-1

2020-11-24 13:06:52,327 INFO PERFORMANCE:|2|2|-1|-1

2020-11-24 13:11:52,329 INFO PERFORMANCE:|2|2|-1|-1

2020-11-24 13:16:52,340 INFO PERFORMANCE:|2|2|-1|-1

2020-11-24 13:21:52,343 INFO PERFORMANCE:|2|2|-1|-1

2020-11-24 13:26:52,346 INFO PERFORMANCE:|2|2|-1|-1

2020-11-24 13:31:52,347 INFO PERFORMANCE:|2|2|-1|-1

2020-11-24 13:36:52,348 INFO PERFORMANCE:|2|2|-1|-1

2020-11-24 13:41:52,350 INFO PERFORMANCE:|2|2|-1|-1

2020-11-24 13:46:52,352 INFO PERFORMANCE:|2|2|-1|-1

2020-11-24 13:51:52,353 INFO PERFORMANCE:|2|2|-1|-1

2020-11-24 13:56:52,356 INFO PERFORMANCE:|2|2|-1|-1

2020-11-24 14:01:52,358 INFO PERFORMANCE:|2|2|-1|-1

2020-11-24 14:06:52,361 INFO PERFORMANCE:|2|2|-1|-1

2020-11-24 14:11:52,364 INFO PERFORMANCE:|2|2|-1|-1

2020-11-24 14:16:52,367 INFO PERFORMANCE:|2|2|-1|-1

2020-11-24 14:21:52,368 INFO PERFORMANCE:|2|2|-1|-1

2020-11-24 14:26:52,369 INFO PERFORMANCE:|2|2|-1|-1

2020-11-24 14:31:52,371 INFO PERFORMANCE:|2|2|-1|-1

2020-11-24 14:36:52,371 INFO PERFORMANCE:|2|2|-1|-1

2020-11-24 14:41:52,375 INFO PERFORMANCE:|2|2|-1|-1

2020-11-24 14:46:52,378 INFO PERFORMANCE:|2|2|-1|-1

2020-11-24 14:51:52,372 INFO PERFORMANCE:|2|2|-1|-1

2020-11-24 14:56:52,365 INFO PERFORMANCE:|2|2|-1|-1

2020-11-24 15:01:52,357 INFO PERFORMANCE:|2|0|-1|-1

2020-11-24 15:06:52,349 INFO PERFORMANCE:|2|0|-1|-1

2020-11-24 15:11:52,341 INFO PERFORMANCE:|2|0|-1|-1

2020-11-24 15:16:52,336 INFO PERFORMANCE:|2|0|-1|-1

2020-11-24 15:21:52,329 INFO PERFORMANCE:|2|0|-1|-1

2020-11-24 15:26:52,321 INFO PERFORMANCE:|2|0|-1|-1

2020-11-24 15:31:52,313 INFO PERFORMANCE:|2|0|-1|-1

2020-11-24 15:36:52,307 INFO PERFORMANCE:|2|0|-1|-1

2020-11-24 15:41:52,305 INFO PERFORMANCE:|2|0|-1|-1

2020-11-24 15:46:52,306 INFO PERFORMANCE:|2|0|-1|-1

2020-11-24 15:51:52,309 INFO PERFORMANCE:|2|0|-1|-1

2020-11-24 15:56:52,309 INFO PERFORMANCE:|2|0|-1|-1

2020-11-24 16:01:52,311 INFO PERFORMANCE:|2|2|-1|-1

2020-11-24 16:06:52,311 INFO PERFORMANCE:|2|2|-1|-1

2020-11-24 16:11:52,311 INFO PERFORMANCE:|2|2|-1|-1

2020-11-24 16:16:52,312 INFO PERFORMANCE:|2|2|-1|-1

2020-11-24 16:21:52,312 INFO PERFORMANCE:|2|2|-1|-1

2020-11-24 16:26:52,311 INFO PERFORMANCE:|2|2|-1|-1

2020-11-24 16:31:52,311 INFO PERFORMANCE:|2|2|-1|-1

2020-11-24 16:36:52,312 INFO PERFORMANCE:|2|2|-1|-1

